<!DOCTYPE html PUBLIC "-//W3C//DTD XHTML 1.1//EN" "http://www.w3.org/TR/xhtml11/DTD/xhtml11.dtd">
<html xmlns="http://www.w3.org/1999/xhtml"><head><title>TestNG Report</title><style type="text/css">table {margin-bottom:10px;border-collapse:collapse;empty-cells:show}th,td {border:1px solid #009;padding:.25em .5em}th {vertical-align:bottom}td {vertical-align:top}table a {font-weight:bold}.stripe td {background-color: #E6EBF9}.num {text-align:right}.passedodd td {background-color: #3F3}.passedeven td {background-color: #0A0}.skippedodd td {background-color: #DDD}.skippedeven td {background-color: #CCC}.failedodd td,.attn {background-color: #F33}.failedeven td,.stripe .attn {background-color: #D00}.stacktrace {white-space:pre;font-family:monospace}.totop {font-size:85%;text-align:center;border-bottom:2px solid #000}</style></head><body><table><tr><th>Test</th><th># Passed</th><th># Skipped</th><th># Failed</th><th>Time (ms)</th><th>Included Groups</th><th>Excluded Groups</th></tr><tr><th colspan="7">Framework_Santanu</th></tr><tr><td><a href="#t0">Login Test</a></td><td class="num">2</td><td class="num">0</td><td class="num attn">8</td><td class="num">422,269</td><td></td><td></td></tr><tr class="stripe"><td><a href="#t1">Search Item</a></td><td class="num">1</td><td class="num">0</td><td class="num attn">1</td><td class="num">40,701</td><td></td><td></td></tr><tr><td><a href="#t2">Match Item</a></td><td class="num">1</td><td class="num">0</td><td class="num">0</td><td class="num">10,761</td><td></td><td></td></tr><tr><th>Total</th><th class="num">4</th><th class="num">0</th><th class="num attn">9</th><th class="num">473,731</th><th colspan="2"></th></tr></table><table><thead><tr><th>Class</th><th>Method</th><th>Start</th><th>Time (ms)</th></tr></thead><tbody><tr><th colspan="4">Framework_Santanu</th></tr></tbody><tbody id="t0"><tr><th colspan="4">Login Test &#8212; failed</th></tr><tr class="failedeven"><td rowspan="8">testcases.LoginTest</td><td><a href="#m0">doLogin</a></td><td rowspan="8">1480931325222</td><td rowspan="8">32078</td></tr><tr class="failedeven"><td><a href="#m1">doLogin</a></td></tr><tr class="failedeven"><td><a href="#m2">doLogin</a></td></tr><tr class="failedeven"><td><a href="#m3">doLogin</a></td></tr><tr class="failedeven"><td><a href="#m4">doLogin</a></td></tr><tr class="failedeven"><td><a href="#m5">doLogin</a></td></tr><tr class="failedeven"><td><a href="#m6">doLogin</a></td></tr><tr class="failedeven"><td><a href="#m7">doLogin</a></td></tr><tr><th colspan="4">Login Test &#8212; passed</th></tr><tr class="passedeven"><td rowspan="2">testcases.LoginTest</td><td><a href="#m8">doLogin</a></td><td rowspan="2">1480931174775</td><td rowspan="2">85447</td></tr><tr class="passedeven"><td><a href="#m9">doLogin</a></td></tr></tbody><tbody id="t1"><tr><th colspan="4">Search Item &#8212; failed</th></tr><tr class="failedeven"><td rowspan="1">testcases.Search_Item</td><td><a href="#m10">displayItem</a></td><td rowspan="1">1480931632907</td><td rowspan="1">4320</td></tr><tr><th colspan="4">Search Item &#8212; passed</th></tr><tr class="passedeven"><td rowspan="1">testcases.Search_Item</td><td><a href="#m11">searchItem</a></td><td rowspan="1">1480931596536</td><td rowspan="1">36370</td></tr></tbody><tbody id="t2"><tr><th colspan="4">Match Item &#8212; passed</th></tr><tr class="passedeven"><td rowspan="1">testcases.ProductDetail</td><td><a href="#m12">productDetailMatch</a></td><td rowspan="1">1480931637248</td><td rowspan="1">10759</td></tr></tbody></table><h2>Login Test</h2><h3 id="m0">testcases.LoginTest#doLogin</h3><table class="result"><tr class="param"><th>Parameter #1</th><th>Parameter #2</th></tr><tr class="param stripe"><td>shilpa32raj@gmail.com</td><td>tukuni12</td></tr><tr><th colspan="2">Exception</th></tr><tr><td colspan="2"><div class="stacktrace">java.lang.IllegalArgumentException: Cannot find elements when the XPath expression is null.
	at org.openqa.selenium.By.xpath(By.java:113)
	at page.HomePage.login(HomePage.java:78)
	at testcases.LoginTest.doLogin(LoginTest.java:17)
... Removed 25 stack frames</div></td></tr></table><p class="totop"><a href="#summary">back to summary</a></p><h3 id="m1">testcases.LoginTest#doLogin</h3><table class="result"><tr class="param"><th>Parameter #1</th><th>Parameter #2</th></tr><tr class="param stripe"><td>shilpa33raj@gmail.com</td><td>tukuni12</td></tr><tr><th colspan="2">Exception</th></tr><tr><td colspan="2"><div class="stacktrace">java.lang.IllegalArgumentException: Cannot find elements when the XPath expression is null.
	at org.openqa.selenium.By.xpath(By.java:113)
	at page.HomePage.login(HomePage.java:78)
	at testcases.LoginTest.doLogin(LoginTest.java:17)
... Removed 25 stack frames</div></td></tr></table><p class="totop"><a href="#summary">back to summary</a></p><h3 id="m2">testcases.LoginTest#doLogin</h3><table class="result"><tr class="param"><th>Parameter #1</th><th>Parameter #2</th></tr><tr class="param stripe"><td>shilpa34raj@gmail.com</td><td>tukuni12</td></tr><tr><th colspan="2">Exception</th></tr><tr><td colspan="2"><div class="stacktrace">java.lang.IllegalArgumentException: Cannot find elements when the XPath expression is null.
	at org.openqa.selenium.By.xpath(By.java:113)
	at page.HomePage.login(HomePage.java:78)
	at testcases.LoginTest.doLogin(LoginTest.java:17)
... Removed 25 stack frames</div></td></tr></table><p class="totop"><a href="#summary">back to summary</a></p><h3 id="m3">testcases.LoginTest#doLogin</h3><table class="result"><tr class="param"><th>Parameter #1</th><th>Parameter #2</th></tr><tr class="param stripe"><td>shilpa35raj@gmail.com</td><td>tukuni12</td></tr><tr><th colspan="2">Exception</th></tr><tr><td colspan="2"><div class="stacktrace">java.lang.IllegalArgumentException: Cannot find elements when the XPath expression is null.
	at org.openqa.selenium.By.xpath(By.java:113)
	at page.HomePage.login(HomePage.java:78)
	at testcases.LoginTest.doLogin(LoginTest.java:17)
... Removed 25 stack frames</div></td></tr></table><p class="totop"><a href="#summary">back to summary</a></p><h3 id="m4">testcases.LoginTest#doLogin</h3><table class="result"><tr class="param"><th>Parameter #1</th><th>Parameter #2</th></tr><tr class="param stripe"><td>shilpa30raj@gmail.com</td><td>tukuni12</td></tr><tr><th colspan="2">Exception</th></tr><tr><td colspan="2"><div class="stacktrace">java.lang.IllegalArgumentException: Cannot find elements when the XPath expression is null.
	at org.openqa.selenium.By.xpath(By.java:113)
	at page.HomePage.login(HomePage.java:78)
	at testcases.LoginTest.doLogin(LoginTest.java:17)
... Removed 25 stack frames</div></td></tr></table><p class="totop"><a href="#summary">back to summary</a></p><h3 id="m5">testcases.LoginTest#doLogin</h3><table class="result"><tr class="param"><th>Parameter #1</th><th>Parameter #2</th></tr><tr class="param stripe"><td>shilpa31raj@gmail.com</td><td>tukuni12</td></tr><tr><th colspan="2">Exception</th></tr><tr><td colspan="2"><div class="stacktrace">java.lang.IllegalArgumentException: Cannot find elements when the XPath expression is null.
	at org.openqa.selenium.By.xpath(By.java:113)
	at page.HomePage.login(HomePage.java:78)
	at testcases.LoginTest.doLogin(LoginTest.java:17)
... Removed 25 stack frames</div></td></tr></table><p class="totop"><a href="#summary">back to summary</a></p><h3 id="m6">testcases.LoginTest#doLogin</h3><table class="result"><tr class="param"><th>Parameter #1</th><th>Parameter #2</th></tr><tr class="param stripe"><td>shilpa37raj@gmail.com</td><td>tukuni12</td></tr><tr><th colspan="2">Exception</th></tr><tr><td colspan="2"><div class="stacktrace">java.lang.IllegalArgumentException: Cannot find elements when the XPath expression is null.
	at org.openqa.selenium.By.xpath(By.java:113)
	at page.HomePage.login(HomePage.java:78)
	at testcases.LoginTest.doLogin(LoginTest.java:17)
... Removed 25 stack frames</div></td></tr></table><p class="totop"><a href="#summary">back to summary</a></p><h3 id="m7">testcases.LoginTest#doLogin</h3><table class="result"><tr class="param"><th>Parameter #1</th><th>Parameter #2</th></tr><tr class="param stripe"><td>shilpa36raj@gmail.com</td><td>tukuni12</td></tr><tr><th colspan="2">Exception</th></tr><tr><td colspan="2"><div class="stacktrace">java.lang.IllegalArgumentException: Cannot find elements when the XPath expression is null.
	at org.openqa.selenium.By.xpath(By.java:113)
	at page.HomePage.login(HomePage.java:78)
	at testcases.LoginTest.doLogin(LoginTest.java:17)
... Removed 25 stack frames</div></td></tr></table><p class="totop"><a href="#summary">back to summary</a></p><h3 id="m8">testcases.LoginTest#doLogin</h3><table class="result"><tr class="param"><th>Parameter #1</th><th>Parameter #2</th></tr><tr class="param stripe"><td>santanu.jitu@gmail.com</td><td>tukuni12</td></tr></table><p class="totop"><a href="#summary">back to summary</a></p><h3 id="m9">testcases.LoginTest#doLogin</h3><table class="result"><tr class="param"><th>Parameter #1</th><th>Parameter #2</th></tr><tr class="param stripe"><td>santanu.jitu@gmail.com</td><td>tukuni12</td></tr></table><p class="totop"><a href="#summary">back to summary</a></p><h2>Search Item</h2><h3 id="m10">testcases.Search_Item#displayItem</h3><table class="result"><tr class="param"><th>Parameter #1</th><th>Parameter #2</th><th>Parameter #3</th></tr><tr class="param stripe"><td>santanu.jitu@gmail.com</td><td>tukuni12</td><td>aquaguard</td></tr><tr><th colspan="3">Exception</th></tr><tr><td colspan="3"><div class="stacktrace">org.openqa.selenium.StaleElementReferenceException: Element is no longer attached to the DOM
Command duration or timeout: 455 milliseconds
For documentation on this error, please visit: http://seleniumhq.org/exceptions/stale_element_reference.html
Build info: version: &apos;2.53.1&apos;, revision: &apos;a36b8b1cd5757287168e54b817830adce9b0158d&apos;, time: &apos;2016-06-30 19:26:09&apos;
System info: host: &apos;BLR2SANTANUP1A&apos;, ip: &apos;10.120.11.132&apos;, os.name: &apos;Windows 7&apos;, os.arch: &apos;amd64&apos;, os.version: &apos;6.1&apos;, java.version: &apos;1.8.0_102&apos;
Driver info: org.openqa.selenium.firefox.FirefoxDriver
Capabilities [{applicationCacheEnabled=true, rotatable=false, handlesAlerts=true, databaseEnabled=true, version=47.0.1, platform=WINDOWS, nativeEvents=false, acceptSslCerts=true, webStorageEnabled=true, locationContextEnabled=true, browserName=firefox, takesScreenshot=true, javascriptEnabled=true, cssSelectorsEnabled=true}]
Session ID: b6c7bf15-2297-4e57-92d1-73e2d6cf551c
*** Element info: {Using=tag name, value=a}
	at org.openqa.selenium.remote.ErrorHandler.createThrowable(ErrorHandler.java:206)
	at org.openqa.selenium.remote.ErrorHandler.throwIfResponseFailed(ErrorHandler.java:158)
	at org.openqa.selenium.remote.RemoteWebDriver.execute(RemoteWebDriver.java:678)
	at org.openqa.selenium.remote.RemoteWebElement.execute(RemoteWebElement.java:327)
	at org.openqa.selenium.remote.RemoteWebElement.findElements(RemoteWebElement.java:214)
	at org.openqa.selenium.remote.RemoteWebElement.findElementsByTagName(RemoteWebElement.java:320)
	at org.openqa.selenium.By$ByTagName.findElements(By.java:327)
	at org.openqa.selenium.remote.RemoteWebElement.findElements(RemoteWebElement.java:190)
	at page.TopNavigation.validateSearchItem(TopNavigation.java:71)
	at testcases.Search_Item.displayItem(Search_Item.java:32)
Caused by: org.openqa.selenium.StaleElementReferenceException: Element is no longer attached to the DOM
For documentation on this error, please visit: http://seleniumhq.org/exceptions/stale_element_reference.html
Build info: version: &apos;2.53.1&apos;, revision: &apos;a36b8b1cd5757287168e54b817830adce9b0158d&apos;, time: &apos;2016-06-30 19:26:09&apos;
System info: host: &apos;BLR2SANTANUP1A&apos;, ip: &apos;10.120.11.132&apos;, os.name: &apos;Windows 7&apos;, os.arch: &apos;amd64&apos;, os.version: &apos;6.1&apos;, java.version: &apos;1.8.0_102&apos;
Driver info: driver.version: unknown
	at &lt;anonymous class&gt;.fxdriver.cache.getElementAt(resource://fxdriver/modules/web-element-cache.js:9457)
	at &lt;anonymous class&gt;.Utils.getElementAt(file:///C:/Users/SANTAN~1/AppData/Local/Temp/anonymous5818018899323831798webdriver-profile/extensions/fxdriver@googlecode.com/components/driver-component.js:9039)
	at &lt;anonymous class&gt;.FirefoxDriver.prototype.findElementsInternal_(file:///C:/Users/SANTAN~1/AppData/Local/Temp/anonymous5818018899323831798webdriver-profile/extensions/fxdriver@googlecode.com/components/driver-component.js:10788)
	at &lt;anonymous class&gt;.FirefoxDriver.prototype.findChildElements(file:///C:/Users/SANTAN~1/AppData/Local/Temp/anonymous5818018899323831798webdriver-profile/extensions/fxdriver@googlecode.com/components/driver-component.js:10809)
	at &lt;anonymous class&gt;.DelayedCommand.prototype.executeInternal_/h(file:///C:/Users/SANTAN~1/AppData/Local/Temp/anonymous5818018899323831798webdriver-profile/extensions/fxdriver@googlecode.com/components/command-processor.js:12661)
	at &lt;anonymous class&gt;.DelayedCommand.prototype.executeInternal_(file:///C:/Users/SANTAN~1/AppData/Local/Temp/anonymous5818018899323831798webdriver-profile/extensions/fxdriver@googlecode.com/components/command-processor.js:12666)
	at &lt;anonymous class&gt;.DelayedCommand.prototype.execute/&lt;(file:///C:/Users/SANTAN~1/AppData/Local/Temp/anonymous5818018899323831798webdriver-profile/extensions/fxdriver@googlecode.com/components/command-processor.js:12608)
... Removed 29 stack frames</div></td></tr></table><p class="totop"><a href="#summary">back to summary</a></p><h3 id="m11">testcases.Search_Item#searchItem</h3><table class="result"><tr class="param"><th>Parameter #1</th><th>Parameter #2</th><th>Parameter #3</th></tr><tr class="param stripe"><td>santanu.jitu@gmail.com</td><td>tukuni12</td><td>aquaguard</td></tr></table><p class="totop"><a href="#summary">back to summary</a></p><h2>Match Item</h2><h3 id="m12">testcases.ProductDetail#productDetailMatch</h3><table class="result"><tr class="param"><th>Parameter #1</th></tr><tr class="param stripe"><td>Kent Grand+ 8-Litre Mineral RO+UV Water Purifier</td></tr></table><p class="totop"><a href="#summary">back to summary</a></p></body></html>